 
****************************************
Report : area
Design : s9234
Version: M-2016.12-SP1
Date   : Fri Feb  8 15:51:55 2019
****************************************

Information: Updating design information... (UID-85)
Library(s) Used:

    saed32rvt_ss0p95v25c (File: /mnt/class_data/ecec574-w2019/PDKs/SAED32nm/lib/stdcell_rvt/db_ccs/saed32rvt_ss0p95v25c.db)

Number of ports:                          711
Number of nets:                          1915
Number of cells:                         1456
Number of combinational cells:           1033
Number of sequential cells:               212
Number of macros/black boxes:               0
Number of buf/inv:                        382
Number of references:                     255

Combinational area:               2229.351182
Buf/Inv area:                      539.547719
Noncombinational area:            1396.267181
Macro/Black Box area:                0.000000
Net Interconnect area:             606.431028

Total cell area:                  3625.618364
Total area:                       4232.049392
1
