 
****************************************
Report : area
Design : s35932
Version: M-2016.12-SP1
Date   : Fri Feb  8 15:44:30 2019
****************************************

Information: Updating design information... (UID-85)
Warning: Design 's35932' contains 1 high-fanout nets. A fanout number of 1000 will be used for delay calculations involving these nets. (TIM-134)
Library(s) Used:

    saed32rvt_ss0p95v25c (File: /mnt/class_data/ecec574-w2019/PDKs/SAED32nm/lib/stdcell_rvt/db_ccs/saed32rvt_ss0p95v25c.db)

Number of ports:                         5542
Number of nets:                         10954
Number of cells:                         7462
Number of combinational cells:           4006
Number of sequential cells:              1728
Number of macros/black boxes:               0
Number of buf/inv:                       1027
Number of references:                    1757

Combinational area:              11622.259323
Buf/Inv area:                     1678.367022
Noncombinational area:           11418.182007
Macro/Black Box area:                0.000000
Net Interconnect area:            4690.299612

Total cell area:                 23040.441330
Total area:                      27730.740941
1
