 
****************************************
Report : area
Design : s386
Version: M-2016.12-SP1
Date   : Fri Feb  8 15:19:00 2019
****************************************

Information: Updating design information... (UID-85)
Library(s) Used:

    saed32rvt_ss0p95v25c (File: /mnt/class_data/ecec574-w2019/PDKs/SAED32nm/lib/stdcell_rvt/db_ccs/saed32rvt_ss0p95v25c.db)

Number of ports:                           35
Number of nets:                           145
Number of cells:                          125
Number of combinational cells:            113
Number of sequential cells:                 6
Number of macros/black boxes:               0
Number of buf/inv:                         45
Number of references:                      30

Combinational area:                212.972674
Buf/Inv area:                       66.839873
Noncombinational area:              39.646465
Macro/Black Box area:                0.000000
Net Interconnect area:              44.320606

Total cell area:                   252.619139
Total area:                        296.939745
1
