 
****************************************
Report : area
Design : s35932
Version: M-2016.12-SP1
Date   : Thu Feb  7 17:31:06 2019
****************************************

Information: Updating design information... (UID-85)
Warning: Design 's35932' contains 1 high-fanout nets. A fanout number of 1000 will be used for delay calculations involving these nets. (TIM-134)
Library(s) Used:

    saed32rvt_ss0p95v25c (File: /mnt/class_data/ecec574-w2019/PDKs/SAED32nm/lib/stdcell_rvt/db_ccs/saed32rvt_ss0p95v25c.db)

Number of ports:                         5542
Number of nets:                         11192
Number of cells:                         7700
Number of combinational cells:           4244
Number of sequential cells:              1728
Number of macros/black boxes:               0
Number of buf/inv:                       1291
Number of references:                    1750

Combinational area:              14168.273850
Buf/Inv area:                     4674.470525
Noncombinational area:           11418.182007
Macro/Black Box area:                0.000000
Net Interconnect area:            4677.087410

Total cell area:                 25586.455857
Total area:                      30263.543267
1
