 
****************************************
Report : area
Design : s1238
Version: M-2016.12-SP1
Date   : Fri Feb  8 15:59:18 2019
****************************************

Information: Updating design information... (UID-85)
Library(s) Used:

    saed32rvt_ss0p95v25c (File: /mnt/class_data/ecec574-w2019/PDKs/SAED32nm/lib/stdcell_rvt/db_ccs/saed32rvt_ss0p95v25c.db)

Number of ports:                           85
Number of nets:                           701
Number of cells:                          650
Number of combinational cells:            614
Number of sequential cells:                18
Number of macros/black boxes:               0
Number of buf/inv:                        288
Number of references:                      61

Combinational area:               1166.520973
Buf/Inv area:                      445.006155
Noncombinational area:             118.939396
Macro/Black Box area:                0.000000
Net Interconnect area:             211.041434

Total cell area:                  1285.460369
Total area:                       1496.501803
1
